
2019-12-02 23:15:16,874 INFO Starting OPS-SAT UHF Desktop
2019-12-02 23:15:16,874 INFO Loading GUI file /home/osops/tom/dev/git/gr-opssat/apps/desktop/gui/gui.ui
2019-12-02 23:15:16,937 INFO Started listening on tcp://127.0.0.1:38211 for incoming packets from GR flowgraph
2019-12-02 23:15:16,937 INFO GUI Thread started
2019-12-02 23:51:50,908 INFO Starting OPS-SAT UHF Desktop
2019-12-02 23:51:50,908 INFO Loading GUI file /home/osops/tom/dev/git/gr-opssat/apps/desktop/gui/gui.ui
2019-12-02 23:51:50,994 INFO Started listening on tcp://127.0.0.1:38211 for incoming packets from GR flowgraph
2019-12-02 23:51:50,994 INFO GUI Thread started
2019-12-02 23:51:52,784 INFO Received CSP beacon packet of length 58 bytes + 4 byte CRC32C check: OK
2019-12-02 23:52:02,799 INFO Received CSP beacon packet of length 58 bytes + 4 byte CRC32C check: OK
2019-12-02 23:52:12,798 INFO Received CSP beacon packet of length 58 bytes + 4 byte CRC32C check: OK
2019-12-02 23:52:21,148 INFO Received CSP beacon packet of length 58 bytes + 4 byte CRC32C check: OK
2019-12-03 18:09:55,193 INFO Starting OPS-SAT UHF Desktop
2019-12-03 18:09:55,193 INFO Loading GUI file /home/osops/tom/dev/git/gr-opssat/apps/desktop/gui/gui.ui
2019-12-03 18:09:55,256 INFO Started listening on tcp://127.0.0.1:38211 for incoming packets from GR flowgraph
2019-12-03 18:09:55,256 INFO GUI Thread started
2019-12-03 18:10:10,268 WARNING No packets received in the last 15 seconds...Resource temporarily unavailable
2019-12-03 18:10:14,970 INFO Received CSP beacon packet of length 58 bytes + 4 byte CRC32C check: OK
2019-12-03 18:10:24,982 INFO Received CSP beacon packet of length 58 bytes + 4 byte CRC32C check: OK
2019-12-03 18:10:34,980 INFO Received CSP beacon packet of length 58 bytes + 4 byte CRC32C check: OK
2019-12-03 18:10:43,327 INFO Received CSP beacon packet of length 58 bytes + 4 byte CRC32C check: OK
2019-12-03 18:10:53,318 INFO Received CSP beacon packet of length 58 bytes + 4 byte CRC32C check: OK
